
*** Running vivado
    with args -log design_1_lowlevel_dac_intfc_0_0.vds -m64 -product Vivado -mode batch -messageDb vivado.pb -notrace -source design_1_lowlevel_dac_intfc_0_0.tcl



****** Vivado v2022.1 (64-bit)
  **** SW Build 3526262 on Mon Apr 18 15:48:16 MDT 2022
  **** IP Build 3524634 on Mon Apr 18 20:55:01 MDT 2022
    ** Copyright 1986-2022 Xilinx, Inc. All Rights Reserved.

source design_1_lowlevel_dac_intfc_0_0.tcl -notrace
create_project: Time (s): cpu = 00:00:03 ; elapsed = 00:00:15 . Memory (MB): peak = 1593.379 ; gain = 0.000
INFO: [IP_Flow 19-234] Refreshing IP repositories
INFO: [IP_Flow 19-1700] Loaded user IP repository 'd:/Git/radio_periph_lab/ip_repo'.
INFO: [IP_Flow 19-2313] Loaded Vivado IP repository 'D:/Xilinx2022/Vivado/2022.1/data/ip'.
Command: synth_design -top design_1_lowlevel_dac_intfc_0_0 -part xc7z020clg400-1 -incremental_mode off -mode out_of_context
Starting synth_design
Attempting to get a license for feature 'Synthesis' and/or device 'xc7z020'
INFO: [Common 17-349] Got license for feature 'Synthesis' and/or device 'xc7z020'
INFO: [Device 21-403] Loading part xc7z020clg400-1
INFO: [Synth 8-7079] Multithreading enabled for synth_design using a maximum of 2 processes.
INFO: [Synth 8-7078] Launching helper process for spawning children vivado processes
INFO: [Synth 8-7075] Helper process launched with PID 49576
---------------------------------------------------------------------------------
Starting RTL Elaboration : Time (s): cpu = 00:00:11 ; elapsed = 00:00:27 . Memory (MB): peak = 1593.379 ; gain = 0.000
---------------------------------------------------------------------------------
INFO: [Synth 8-638] synthesizing module 'design_1_lowlevel_dac_intfc_0_0' [d:/Git/radio_periph_lab/vivado/radio_periph_lab.gen/sources_1/bd/design_1/ip/design_1_lowlevel_dac_intfc_0_0/synth/design_1_lowlevel_dac_intfc_0_0.vhd:70]
	Parameter channels bound to: 2 - type: integer 
INFO: [Synth 8-3491] module 'lowlevel_dac_intfc' declared at 'd:/Git/radio_periph_lab/vivado/radio_periph_lab.gen/sources_1/bd/design_1/ipshared/e8d1/src/low_level_dac_if.vhd:5' bound to instance 'U0' of component 'lowlevel_dac_intfc' [d:/Git/radio_periph_lab/vivado/radio_periph_lab.gen/sources_1/bd/design_1/ip/design_1_lowlevel_dac_intfc_0_0/synth/design_1_lowlevel_dac_intfc_0_0.vhd:106]
INFO: [Synth 8-638] synthesizing module 'lowlevel_dac_intfc' [d:/Git/radio_periph_lab/vivado/radio_periph_lab.gen/sources_1/bd/design_1/ipshared/e8d1/src/low_level_dac_if.vhd:21]
INFO: [Synth 8-638] synthesizing module 'clkdivider' [d:/Git/radio_periph_lab/vivado/radio_periph_lab.gen/sources_1/bd/design_1/ipshared/e8d1/src/clkdivider.vhd:18]
INFO: [Synth 8-256] done synthesizing module 'clkdivider' (0#1) [d:/Git/radio_periph_lab/vivado/radio_periph_lab.gen/sources_1/bd/design_1/ipshared/e8d1/src/clkdivider.vhd:18]
INFO: [Synth 8-638] synthesizing module 'clkdivider__parameterized0' [d:/Git/radio_periph_lab/vivado/radio_periph_lab.gen/sources_1/bd/design_1/ipshared/e8d1/src/clkdivider.vhd:18]
INFO: [Synth 8-256] done synthesizing module 'clkdivider__parameterized0' (0#1) [d:/Git/radio_periph_lab/vivado/radio_periph_lab.gen/sources_1/bd/design_1/ipshared/e8d1/src/clkdivider.vhd:18]
INFO: [Synth 8-256] done synthesizing module 'lowlevel_dac_intfc' (0#1) [d:/Git/radio_periph_lab/vivado/radio_periph_lab.gen/sources_1/bd/design_1/ipshared/e8d1/src/low_level_dac_if.vhd:21]
INFO: [Synth 8-256] done synthesizing module 'design_1_lowlevel_dac_intfc_0_0' (0#1) [d:/Git/radio_periph_lab/vivado/radio_periph_lab.gen/sources_1/bd/design_1/ip/design_1_lowlevel_dac_intfc_0_0/synth/design_1_lowlevel_dac_intfc_0_0.vhd:70]
WARNING: [Synth 8-7129] Port valid in module lowlevel_dac_intfc is either unconnected or has no load
---------------------------------------------------------------------------------
Finished RTL Elaboration : Time (s): cpu = 00:00:13 ; elapsed = 00:00:37 . Memory (MB): peak = 1648.250 ; gain = 54.871
---------------------------------------------------------------------------------
---------------------------------------------------------------------------------
Start Handling Custom Attributes
---------------------------------------------------------------------------------
---------------------------------------------------------------------------------
Finished Handling Custom Attributes : Time (s): cpu = 00:00:13 ; elapsed = 00:00:38 . Memory (MB): peak = 1648.250 ; gain = 54.871
---------------------------------------------------------------------------------
---------------------------------------------------------------------------------
Finished RTL Optimization Phase 1 : Time (s): cpu = 00:00:13 ; elapsed = 00:00:38 . Memory (MB): peak = 1648.250 ; gain = 54.871
---------------------------------------------------------------------------------
Netlist sorting complete. Time (s): cpu = 00:00:00 ; elapsed = 00:00:00.023 . Memory (MB): peak = 1648.250 ; gain = 0.000
INFO: [Project 1-570] Preparing netlist for logic optimization

Processing XDC Constraints
Initializing timing engine
Completed Processing XDC Constraints

Netlist sorting complete. Time (s): cpu = 00:00:00 ; elapsed = 00:00:00.001 . Memory (MB): peak = 1714.344 ; gain = 0.000
INFO: [Project 1-111] Unisim Transformation Summary:
No Unisim elements were transformed.

Constraint Validation Runtime : Time (s): cpu = 00:00:00 ; elapsed = 00:00:03 . Memory (MB): peak = 1714.391 ; gain = 0.047
INFO: [Designutils 20-5008] Incremental synthesis strategy off
---------------------------------------------------------------------------------
Finished Constraint Validation : Time (s): cpu = 00:00:24 ; elapsed = 00:04:23 . Memory (MB): peak = 1714.391 ; gain = 121.012
---------------------------------------------------------------------------------
---------------------------------------------------------------------------------
Start Loading Part and Timing Information
---------------------------------------------------------------------------------
Loading part: xc7z020clg400-1
---------------------------------------------------------------------------------
Finished Loading Part and Timing Information : Time (s): cpu = 00:00:24 ; elapsed = 00:04:25 . Memory (MB): peak = 1714.391 ; gain = 121.012
---------------------------------------------------------------------------------
---------------------------------------------------------------------------------
Start Applying 'set_property' XDC Constraints
---------------------------------------------------------------------------------
---------------------------------------------------------------------------------
Finished applying 'set_property' XDC Constraints : Time (s): cpu = 00:00:24 ; elapsed = 00:04:27 . Memory (MB): peak = 1714.391 ; gain = 121.012
---------------------------------------------------------------------------------
---------------------------------------------------------------------------------
Finished RTL Optimization Phase 2 : Time (s): cpu = 00:00:24 ; elapsed = 00:04:33 . Memory (MB): peak = 1714.391 ; gain = 121.012
---------------------------------------------------------------------------------
---------------------------------------------------------------------------------
Start RTL Component Statistics 
---------------------------------------------------------------------------------
Detailed RTL Component Info : 
+---Adders : 
	   2 Input    6 Bit       Adders := 1     
	   2 Input    5 Bit       Adders := 1     
	   2 Input    3 Bit       Adders := 1     
+---Registers : 
	               32 Bit    Registers := 1     
	                6 Bit    Registers := 1     
	                5 Bit    Registers := 1     
	                3 Bit    Registers := 1     
	                1 Bit    Registers := 4     
+---Muxes : 
	   2 Input   32 Bit        Muxes := 2     
	   2 Input    6 Bit        Muxes := 1     
	   2 Input    3 Bit        Muxes := 1     
	   2 Input    1 Bit        Muxes := 5     
	   4 Input    1 Bit        Muxes := 1     
---------------------------------------------------------------------------------
Finished RTL Component Statistics 
---------------------------------------------------------------------------------
---------------------------------------------------------------------------------
Start Part Resource Summary
---------------------------------------------------------------------------------
Part Resources:
DSPs: 220 (col length:60)
BRAMs: 280 (col length: RAMB18 60 RAMB36 30)
---------------------------------------------------------------------------------
Finished Part Resource Summary
---------------------------------------------------------------------------------
---------------------------------------------------------------------------------
Start Cross Boundary and Area Optimization
---------------------------------------------------------------------------------
WARNING: [Synth 8-7080] Parallel synthesis criteria is not met
WARNING: [Synth 8-7129] Port valid in module design_1_lowlevel_dac_intfc_0_0 is either unconnected or has no load
---------------------------------------------------------------------------------
Finished Cross Boundary and Area Optimization : Time (s): cpu = 00:00:27 ; elapsed = 00:04:42 . Memory (MB): peak = 1714.391 ; gain = 121.012
---------------------------------------------------------------------------------
---------------------------------------------------------------------------------
Start Applying XDC Timing Constraints
---------------------------------------------------------------------------------
---------------------------------------------------------------------------------
Finished Applying XDC Timing Constraints : Time (s): cpu = 00:00:34 ; elapsed = 00:04:55 . Memory (MB): peak = 1714.391 ; gain = 121.012
---------------------------------------------------------------------------------
---------------------------------------------------------------------------------
Start Timing Optimization
---------------------------------------------------------------------------------
---------------------------------------------------------------------------------
Finished Timing Optimization : Time (s): cpu = 00:00:34 ; elapsed = 00:04:55 . Memory (MB): peak = 1714.391 ; gain = 121.012
---------------------------------------------------------------------------------
---------------------------------------------------------------------------------
Start Technology Mapping
---------------------------------------------------------------------------------
---------------------------------------------------------------------------------
Finished Technology Mapping : Time (s): cpu = 00:00:34 ; elapsed = 00:04:56 . Memory (MB): peak = 1714.391 ; gain = 121.012
---------------------------------------------------------------------------------
---------------------------------------------------------------------------------
Start IO Insertion
---------------------------------------------------------------------------------
---------------------------------------------------------------------------------
Start Flattening Before IO Insertion
---------------------------------------------------------------------------------
---------------------------------------------------------------------------------
Finished Flattening Before IO Insertion
---------------------------------------------------------------------------------
---------------------------------------------------------------------------------
Start Final Netlist Cleanup
---------------------------------------------------------------------------------
---------------------------------------------------------------------------------
Finished Final Netlist Cleanup
---------------------------------------------------------------------------------
---------------------------------------------------------------------------------
Finished IO Insertion : Time (s): cpu = 00:00:41 ; elapsed = 00:05:07 . Memory (MB): peak = 1714.391 ; gain = 121.012
---------------------------------------------------------------------------------
---------------------------------------------------------------------------------
Start Renaming Generated Instances
---------------------------------------------------------------------------------
---------------------------------------------------------------------------------
Finished Renaming Generated Instances : Time (s): cpu = 00:00:41 ; elapsed = 00:05:07 . Memory (MB): peak = 1714.391 ; gain = 121.012
---------------------------------------------------------------------------------
---------------------------------------------------------------------------------
Start Rebuilding User Hierarchy
---------------------------------------------------------------------------------
---------------------------------------------------------------------------------
Finished Rebuilding User Hierarchy : Time (s): cpu = 00:00:41 ; elapsed = 00:05:07 . Memory (MB): peak = 1714.391 ; gain = 121.012
---------------------------------------------------------------------------------
---------------------------------------------------------------------------------
Start Renaming Generated Ports
---------------------------------------------------------------------------------
---------------------------------------------------------------------------------
Finished Renaming Generated Ports : Time (s): cpu = 00:00:41 ; elapsed = 00:05:07 . Memory (MB): peak = 1714.391 ; gain = 121.012
---------------------------------------------------------------------------------
---------------------------------------------------------------------------------
Start Handling Custom Attributes
---------------------------------------------------------------------------------
---------------------------------------------------------------------------------
Finished Handling Custom Attributes : Time (s): cpu = 00:00:41 ; elapsed = 00:05:07 . Memory (MB): peak = 1714.391 ; gain = 121.012
---------------------------------------------------------------------------------
---------------------------------------------------------------------------------
Start Renaming Generated Nets
---------------------------------------------------------------------------------
---------------------------------------------------------------------------------
Finished Renaming Generated Nets : Time (s): cpu = 00:00:41 ; elapsed = 00:05:07 . Memory (MB): peak = 1714.391 ; gain = 121.012
---------------------------------------------------------------------------------
---------------------------------------------------------------------------------
Start Writing Synthesis Report
---------------------------------------------------------------------------------

Report BlackBoxes: 
+-+--------------+----------+
| |BlackBox name |Instances |
+-+--------------+----------+
+-+--------------+----------+

Report Cell Usage: 
+------+-----+------+
|      |Cell |Count |
+------+-----+------+
|1     |LUT1 |     3|
|2     |LUT2 |     5|
|3     |LUT3 |    36|
|4     |LUT4 |     3|
|5     |LUT5 |     3|
|6     |LUT6 |     5|
|7     |FDRE |    50|
+------+-----+------+
---------------------------------------------------------------------------------
Finished Writing Synthesis Report : Time (s): cpu = 00:00:41 ; elapsed = 00:05:07 . Memory (MB): peak = 1714.391 ; gain = 121.012
---------------------------------------------------------------------------------
Synthesis finished with 0 errors, 0 critical warnings and 2 warnings.
Synthesis Optimization Runtime : Time (s): cpu = 00:00:24 ; elapsed = 00:04:45 . Memory (MB): peak = 1714.391 ; gain = 54.871
Synthesis Optimization Complete : Time (s): cpu = 00:00:41 ; elapsed = 00:05:07 . Memory (MB): peak = 1714.391 ; gain = 121.012
INFO: [Project 1-571] Translating synthesized netlist
Netlist sorting complete. Time (s): cpu = 00:00:00 ; elapsed = 00:00:00.001 . Memory (MB): peak = 1714.391 ; gain = 0.000
INFO: [Project 1-570] Preparing netlist for logic optimization
INFO: [Opt 31-138] Pushed 0 inverter(s) to 0 load pin(s).
Netlist sorting complete. Time (s): cpu = 00:00:00 ; elapsed = 00:00:00 . Memory (MB): peak = 1714.391 ; gain = 0.000
INFO: [Project 1-111] Unisim Transformation Summary:
No Unisim elements were transformed.

Synth Design complete, checksum: 6192cd5d
INFO: [Common 17-83] Releasing license: Synthesis
25 Infos, 3 Warnings, 0 Critical Warnings and 0 Errors encountered.
synth_design completed successfully
synth_design: Time (s): cpu = 00:00:45 ; elapsed = 00:05:41 . Memory (MB): peak = 1714.391 ; gain = 121.012
INFO: [Common 17-1381] The checkpoint 'D:/Git/radio_periph_lab/vivado/radio_periph_lab.runs/design_1_lowlevel_dac_intfc_0_0_synth_1/design_1_lowlevel_dac_intfc_0_0.dcp' has been generated.
INFO: [Coretcl 2-1648] Added synthesis output to IP cache for IP design_1_lowlevel_dac_intfc_0_0, cache-ID = a0045ed3b851067e
INFO: [Coretcl 2-1174] Renamed 3 cell refs.
INFO: [Common 17-1381] The checkpoint 'D:/Git/radio_periph_lab/vivado/radio_periph_lab.runs/design_1_lowlevel_dac_intfc_0_0_synth_1/design_1_lowlevel_dac_intfc_0_0.dcp' has been generated.
INFO: [runtcl-4] Executing : report_utilization -file design_1_lowlevel_dac_intfc_0_0_utilization_synth.rpt -pb design_1_lowlevel_dac_intfc_0_0_utilization_synth.pb
INFO: [Common 17-206] Exiting Vivado at Thu Jul 27 00:52:09 2023...
