
*** Running vivado
    with args -log fir1_125.vds -m64 -product Vivado -mode batch -messageDb vivado.pb -notrace -source fir1_125.tcl



****** Vivado v2022.1 (64-bit)
  **** SW Build 3526262 on Mon Apr 18 15:48:16 MDT 2022
  **** IP Build 3524634 on Mon Apr 18 20:55:01 MDT 2022
    ** Copyright 1986-2022 Xilinx, Inc. All Rights Reserved.

source fir1_125.tcl -notrace
create_project: Time (s): cpu = 00:00:01 ; elapsed = 00:00:10 . Memory (MB): peak = 1666.641 ; gain = 0.000
INFO: [IP_Flow 19-234] Refreshing IP repositories
INFO: [IP_Flow 19-1700] Loaded user IP repository 'd:/Git/radio_periph_lab/ip_repo'.
INFO: [IP_Flow 19-2313] Loaded Vivado IP repository 'D:/Xilinx2022/Vivado/2022.1/data/ip'.
WARNING: [IP_Flow 19-4995] The host OS only allows 260 characters in a normal path. The IP cache path is more than 80 characters. If you experience issues with IP caching, please consider changing the IP cache to a location with a shorter path. Alternately consider using the OS subst command to map part of the path to a drive letter. 
Current IP cache path is d:/git/radio_periph_lab/vivado/radio_periph_lab.tmp/full_radio_v1_0_project/full_radio_v1_0_project.cache/ip 
Command: synth_design -top fir1_125 -part xc7z020clg400-1 -incremental_mode off -mode out_of_context
Starting synth_design
Attempting to get a license for feature 'Synthesis' and/or device 'xc7z020'
INFO: [Common 17-349] Got license for feature 'Synthesis' and/or device 'xc7z020'
INFO: [Device 21-403] Loading part xc7z020clg400-1
INFO: [Synth 8-7079] Multithreading enabled for synth_design using a maximum of 2 processes.
INFO: [Synth 8-7078] Launching helper process for spawning children vivado processes
INFO: [Synth 8-7075] Helper process launched with PID 65756
---------------------------------------------------------------------------------
Starting RTL Elaboration : Time (s): cpu = 00:00:03 ; elapsed = 00:00:12 . Memory (MB): peak = 1666.641 ; gain = 0.000
---------------------------------------------------------------------------------
INFO: [Synth 8-638] synthesizing module 'fir1_125' [d:/Git/radio_periph_lab/ip_repo/full_radio/src/fir1_125/synth/fir1_125.vhd:70]
	Parameter C_XDEVICEFAMILY bound to: zynq - type: string 
	Parameter C_ELABORATION_DIR bound to: ./ - type: string 
	Parameter C_COMPONENT_NAME bound to: fir1_125 - type: string 
	Parameter C_COEF_FILE bound to: fir1_125.mif - type: string 
	Parameter C_COEF_FILE_LINES bound to: 120 - type: integer 
	Parameter C_FILTER_TYPE bound to: 1 - type: integer 
	Parameter C_INTERP_RATE bound to: 1 - type: integer 
	Parameter C_DECIM_RATE bound to: 40 - type: integer 
	Parameter C_ZERO_PACKING_FACTOR bound to: 1 - type: integer 
	Parameter C_SYMMETRY bound to: 1 - type: integer 
	Parameter C_NUM_FILTS bound to: 1 - type: integer 
	Parameter C_NUM_TAPS bound to: 177 - type: integer 
	Parameter C_NUM_CHANNELS bound to: 1 - type: integer 
	Parameter C_CHANNEL_PATTERN bound to: fixed - type: string 
	Parameter C_ROUND_MODE bound to: 0 - type: integer 
	Parameter C_COEF_RELOAD bound to: 0 - type: integer 
	Parameter C_NUM_RELOAD_SLOTS bound to: 1 - type: integer 
	Parameter C_COL_MODE bound to: 1 - type: integer 
	Parameter C_COL_PIPE_LEN bound to: 4 - type: integer 
	Parameter C_COL_CONFIG bound to: 3 - type: string 
	Parameter C_OPTIMIZATION bound to: 0 - type: integer 
	Parameter C_DATA_PATH_WIDTHS bound to: 16 - type: string 
	Parameter C_DATA_IP_PATH_WIDTHS bound to: 16 - type: string 
	Parameter C_DATA_PX_PATH_WIDTHS bound to: 16 - type: string 
	Parameter C_DATA_WIDTH bound to: 16 - type: integer 
	Parameter C_COEF_PATH_WIDTHS bound to: 17 - type: string 
	Parameter C_COEF_WIDTH bound to: 17 - type: integer 
	Parameter C_DATA_PATH_SRC bound to: 0 - type: string 
	Parameter C_COEF_PATH_SRC bound to: 0 - type: string 
	Parameter C_PX_PATH_SRC bound to: 0 - type: string 
	Parameter C_DATA_PATH_SIGN bound to: 0 - type: string 
	Parameter C_COEF_PATH_SIGN bound to: 0 - type: string 
	Parameter C_ACCUM_PATH_WIDTHS bound to: 38 - type: string 
	Parameter C_OUTPUT_WIDTH bound to: 38 - type: integer 
	Parameter C_OUTPUT_PATH_WIDTHS bound to: 38 - type: string 
	Parameter C_ACCUM_OP_PATH_WIDTHS bound to: 38 - type: string 
	Parameter C_EXT_MULT_CNFG bound to: none - type: string 
	Parameter C_DATA_PATH_PSAMP_SRC bound to: 0 - type: string 
	Parameter C_OP_PATH_PSAMP_SRC bound to: 0 - type: string 
	Parameter C_NUM_MADDS bound to: 3 - type: integer 
	Parameter C_OPT_MADDS bound to: none - type: string 
	Parameter C_OVERSAMPLING_RATE bound to: 1 - type: integer 
	Parameter C_INPUT_RATE bound to: 1 - type: integer 
	Parameter C_OUTPUT_RATE bound to: 40 - type: integer 
	Parameter C_DATA_MEMTYPE bound to: 0 - type: integer 
	Parameter C_COEF_MEMTYPE bound to: 2 - type: integer 
	Parameter C_IPBUFF_MEMTYPE bound to: 2 - type: integer 
	Parameter C_OPBUFF_MEMTYPE bound to: 0 - type: integer 
	Parameter C_DATAPATH_MEMTYPE bound to: 2 - type: integer 
	Parameter C_MEM_ARRANGEMENT bound to: 1 - type: integer 
	Parameter C_DATA_MEM_PACKING bound to: 0 - type: integer 
	Parameter C_COEF_MEM_PACKING bound to: 0 - type: integer 
	Parameter C_FILTS_PACKED bound to: 0 - type: integer 
	Parameter C_LATENCY bound to: 10 - type: integer 
	Parameter C_HAS_ARESETn bound to: 0 - type: integer 
	Parameter C_HAS_ACLKEN bound to: 0 - type: integer 
	Parameter C_DATA_HAS_TLAST bound to: 0 - type: integer 
	Parameter C_S_DATA_HAS_FIFO bound to: 1 - type: integer 
	Parameter C_S_DATA_HAS_TUSER bound to: 0 - type: integer 
	Parameter C_S_DATA_TDATA_WIDTH bound to: 16 - type: integer 
	Parameter C_S_DATA_TUSER_WIDTH bound to: 1 - type: integer 
	Parameter C_M_DATA_HAS_TREADY bound to: 0 - type: integer 
	Parameter C_M_DATA_HAS_TUSER bound to: 0 - type: integer 
	Parameter C_M_DATA_TDATA_WIDTH bound to: 40 - type: integer 
	Parameter C_M_DATA_TUSER_WIDTH bound to: 1 - type: integer 
	Parameter C_HAS_CONFIG_CHANNEL bound to: 0 - type: integer 
	Parameter C_CONFIG_SYNC_MODE bound to: 0 - type: integer 
	Parameter C_CONFIG_PACKET_SIZE bound to: 0 - type: integer 
	Parameter C_CONFIG_TDATA_WIDTH bound to: 1 - type: integer 
	Parameter C_RELOAD_TDATA_WIDTH bound to: 1 - type: integer 
INFO: [Synth 8-3491] module 'fir_compiler_v7_2_18' declared at 'd:/Git/radio_periph_lab/ip_repo/full_radio/src/fir1_125/hdl/fir_compiler_v7_2_vh_rfs.vhd:67113' bound to instance 'U0' of component 'fir_compiler_v7_2_18' [d:/Git/radio_periph_lab/ip_repo/full_radio/src/fir1_125/synth/fir1_125.vhd:198]
INFO: [Synth 8-256] done synthesizing module 'fir1_125' (0#1) [d:/Git/radio_periph_lab/ip_repo/full_radio/src/fir1_125/synth/fir1_125.vhd:70]
WARNING: [Synth 8-5858] RAM p_path_out_reg from Abstract Data Type (record/struct) for this pattern/configuration is not supported. This will most likely be implemented in registers
WARNING: [Synth 8-10225] Potential Runtime issue for 3D-RAM or RAM from Record/Structs for RAM  p_path_out_reg 
WARNING: [Synth 8-7129] Port SCLR in module delay__parameterized24 is either unconnected or has no load
WARNING: [Synth 8-7129] Port SCLR_ALT in module delay__parameterized24 is either unconnected or has no load
WARNING: [Synth 8-7129] Port SCLR in module delay__parameterized23 is either unconnected or has no load
WARNING: [Synth 8-7129] Port SCLR_ALT in module delay__parameterized23 is either unconnected or has no load
WARNING: [Synth 8-7129] Port SCLR in module delay__parameterized22 is either unconnected or has no load
WARNING: [Synth 8-7129] Port SCLR_ALT in module delay__parameterized22 is either unconnected or has no load
WARNING: [Synth 8-7129] Port WE in module delay__parameterized21 is either unconnected or has no load
WARNING: [Synth 8-7129] Port CE in module delay__parameterized21 is either unconnected or has no load
WARNING: [Synth 8-7129] Port SCLR in module delay__parameterized21 is either unconnected or has no load
WARNING: [Synth 8-7129] Port SCLR_ALT in module delay__parameterized21 is either unconnected or has no load
WARNING: [Synth 8-7129] Port CLK in module delay__parameterized21 is either unconnected or has no load
WARNING: [Synth 8-7129] Port WE in module delay__parameterized20 is either unconnected or has no load
WARNING: [Synth 8-7129] Port CE in module delay__parameterized20 is either unconnected or has no load
WARNING: [Synth 8-7129] Port SCLR in module delay__parameterized20 is either unconnected or has no load
WARNING: [Synth 8-7129] Port SCLR_ALT in module delay__parameterized20 is either unconnected or has no load
WARNING: [Synth 8-7129] Port CLK in module delay__parameterized20 is either unconnected or has no load
WARNING: [Synth 8-7129] Port PRE_ADDSUB in module calc__parameterized0 is either unconnected or has no load
WARNING: [Synth 8-7129] Port PRE_ADD_BYPASS in module calc__parameterized0 is either unconnected or has no load
WARNING: [Synth 8-7129] Port CED in module calc__parameterized0 is either unconnected or has no load
WARNING: [Synth 8-7129] Port WE in module delay__parameterized19 is either unconnected or has no load
WARNING: [Synth 8-7129] Port CE in module delay__parameterized19 is either unconnected or has no load
WARNING: [Synth 8-7129] Port SCLR in module delay__parameterized19 is either unconnected or has no load
WARNING: [Synth 8-7129] Port SCLR_ALT in module delay__parameterized19 is either unconnected or has no load
WARNING: [Synth 8-7129] Port CLK in module delay__parameterized19 is either unconnected or has no load
WARNING: [Synth 8-7129] Port POUT[fab][57] in module add_accum is either unconnected or has no load
WARNING: [Synth 8-7129] Port POUT[fab][56] in module add_accum is either unconnected or has no load
WARNING: [Synth 8-7129] Port POUT[fab][55] in module add_accum is either unconnected or has no load
WARNING: [Synth 8-7129] Port POUT[fab][54] in module add_accum is either unconnected or has no load
WARNING: [Synth 8-7129] Port POUT[fab][53] in module add_accum is either unconnected or has no load
WARNING: [Synth 8-7129] Port POUT[fab][52] in module add_accum is either unconnected or has no load
WARNING: [Synth 8-7129] Port POUT[fab][51] in module add_accum is either unconnected or has no load
WARNING: [Synth 8-7129] Port POUT[fab][50] in module add_accum is either unconnected or has no load
WARNING: [Synth 8-7129] Port POUT[fab][49] in module add_accum is either unconnected or has no load
WARNING: [Synth 8-7129] Port POUT[fab][48] in module add_accum is either unconnected or has no load
WARNING: [Synth 8-7129] Port POUT[casc][62] in module add_accum is either unconnected or has no load
WARNING: [Synth 8-7129] Port POUT[casc][61] in module add_accum is either unconnected or has no load
WARNING: [Synth 8-7129] Port POUT[casc][60] in module add_accum is either unconnected or has no load
WARNING: [Synth 8-7129] Port POUT[casc][59] in module add_accum is either unconnected or has no load
WARNING: [Synth 8-7129] Port POUT[casc][58] in module add_accum is either unconnected or has no load
WARNING: [Synth 8-7129] Port POUT[casc][57] in module add_accum is either unconnected or has no load
WARNING: [Synth 8-7129] Port POUT[casc][56] in module add_accum is either unconnected or has no load
WARNING: [Synth 8-7129] Port POUT[casc][55] in module add_accum is either unconnected or has no load
WARNING: [Synth 8-7129] Port POUT[casc][54] in module add_accum is either unconnected or has no load
WARNING: [Synth 8-7129] Port POUT[casc][53] in module add_accum is either unconnected or has no load
WARNING: [Synth 8-7129] Port POUT[casc][52] in module add_accum is either unconnected or has no load
WARNING: [Synth 8-7129] Port POUT[casc][51] in module add_accum is either unconnected or has no load
WARNING: [Synth 8-7129] Port POUT[casc][50] in module add_accum is either unconnected or has no load
WARNING: [Synth 8-7129] Port POUT[casc][49] in module add_accum is either unconnected or has no load
WARNING: [Synth 8-7129] Port POUT[casc][48] in module add_accum is either unconnected or has no load
WARNING: [Synth 8-7129] Port PIN[fab][57] in module add_accum is either unconnected or has no load
WARNING: [Synth 8-7129] Port PIN[fab][56] in module add_accum is either unconnected or has no load
WARNING: [Synth 8-7129] Port PIN[fab][55] in module add_accum is either unconnected or has no load
WARNING: [Synth 8-7129] Port PIN[fab][54] in module add_accum is either unconnected or has no load
WARNING: [Synth 8-7129] Port PIN[fab][53] in module add_accum is either unconnected or has no load
WARNING: [Synth 8-7129] Port PIN[fab][52] in module add_accum is either unconnected or has no load
WARNING: [Synth 8-7129] Port PIN[fab][51] in module add_accum is either unconnected or has no load
WARNING: [Synth 8-7129] Port PIN[fab][50] in module add_accum is either unconnected or has no load
WARNING: [Synth 8-7129] Port PIN[fab][49] in module add_accum is either unconnected or has no load
WARNING: [Synth 8-7129] Port PIN[fab][48] in module add_accum is either unconnected or has no load
WARNING: [Synth 8-7129] Port PIN[fab][47] in module add_accum is either unconnected or has no load
WARNING: [Synth 8-7129] Port PIN[fab][46] in module add_accum is either unconnected or has no load
WARNING: [Synth 8-7129] Port PIN[fab][45] in module add_accum is either unconnected or has no load
WARNING: [Synth 8-7129] Port PIN[fab][44] in module add_accum is either unconnected or has no load
WARNING: [Synth 8-7129] Port PIN[fab][43] in module add_accum is either unconnected or has no load
WARNING: [Synth 8-7129] Port PIN[fab][42] in module add_accum is either unconnected or has no load
WARNING: [Synth 8-7129] Port PIN[fab][41] in module add_accum is either unconnected or has no load
WARNING: [Synth 8-7129] Port PIN[fab][40] in module add_accum is either unconnected or has no load
WARNING: [Synth 8-7129] Port PIN[fab][39] in module add_accum is either unconnected or has no load
WARNING: [Synth 8-7129] Port PIN[fab][38] in module add_accum is either unconnected or has no load
WARNING: [Synth 8-7129] Port PIN[fab][37] in module add_accum is either unconnected or has no load
WARNING: [Synth 8-7129] Port PIN[fab][36] in module add_accum is either unconnected or has no load
WARNING: [Synth 8-7129] Port PIN[fab][35] in module add_accum is either unconnected or has no load
WARNING: [Synth 8-7129] Port PIN[fab][34] in module add_accum is either unconnected or has no load
WARNING: [Synth 8-7129] Port PIN[fab][33] in module add_accum is either unconnected or has no load
WARNING: [Synth 8-7129] Port PIN[fab][32] in module add_accum is either unconnected or has no load
WARNING: [Synth 8-7129] Port PIN[fab][31] in module add_accum is either unconnected or has no load
WARNING: [Synth 8-7129] Port PIN[fab][30] in module add_accum is either unconnected or has no load
WARNING: [Synth 8-7129] Port PIN[fab][29] in module add_accum is either unconnected or has no load
WARNING: [Synth 8-7129] Port PIN[fab][28] in module add_accum is either unconnected or has no load
WARNING: [Synth 8-7129] Port PIN[fab][27] in module add_accum is either unconnected or has no load
WARNING: [Synth 8-7129] Port PIN[fab][26] in module add_accum is either unconnected or has no load
WARNING: [Synth 8-7129] Port PIN[fab][25] in module add_accum is either unconnected or has no load
WARNING: [Synth 8-7129] Port PIN[fab][24] in module add_accum is either unconnected or has no load
WARNING: [Synth 8-7129] Port PIN[fab][23] in module add_accum is either unconnected or has no load
WARNING: [Synth 8-7129] Port PIN[fab][22] in module add_accum is either unconnected or has no load
WARNING: [Synth 8-7129] Port PIN[fab][21] in module add_accum is either unconnected or has no load
WARNING: [Synth 8-7129] Port PIN[fab][20] in module add_accum is either unconnected or has no load
WARNING: [Synth 8-7129] Port PIN[fab][19] in module add_accum is either unconnected or has no load
WARNING: [Synth 8-7129] Port PIN[fab][18] in module add_accum is either unconnected or has no load
WARNING: [Synth 8-7129] Port PIN[fab][17] in module add_accum is either unconnected or has no load
WARNING: [Synth 8-7129] Port PIN[fab][16] in module add_accum is either unconnected or has no load
WARNING: [Synth 8-7129] Port PIN[fab][15] in module add_accum is either unconnected or has no load
WARNING: [Synth 8-7129] Port PIN[fab][14] in module add_accum is either unconnected or has no load
WARNING: [Synth 8-7129] Port PIN[fab][13] in module add_accum is either unconnected or has no load
WARNING: [Synth 8-7129] Port PIN[fab][12] in module add_accum is either unconnected or has no load
WARNING: [Synth 8-7129] Port PIN[fab][11] in module add_accum is either unconnected or has no load
WARNING: [Synth 8-7129] Port PIN[fab][10] in module add_accum is either unconnected or has no load
WARNING: [Synth 8-7129] Port PIN[fab][9] in module add_accum is either unconnected or has no load
WARNING: [Synth 8-7129] Port PIN[fab][8] in module add_accum is either unconnected or has no load
WARNING: [Synth 8-7129] Port PIN[fab][7] in module add_accum is either unconnected or has no load
INFO: [Common 17-14] Message 'Synth 8-7129' appears 100 times and further instances of the messages will be disabled. Use the Tcl command set_msg_config to change the current settings.
---------------------------------------------------------------------------------
Finished RTL Elaboration : Time (s): cpu = 00:00:07 ; elapsed = 00:00:30 . Memory (MB): peak = 1842.203 ; gain = 175.562
---------------------------------------------------------------------------------
---------------------------------------------------------------------------------
Start Handling Custom Attributes
---------------------------------------------------------------------------------
---------------------------------------------------------------------------------
Finished Handling Custom Attributes : Time (s): cpu = 00:00:07 ; elapsed = 00:00:31 . Memory (MB): peak = 1842.203 ; gain = 175.562
---------------------------------------------------------------------------------
---------------------------------------------------------------------------------
Finished RTL Optimization Phase 1 : Time (s): cpu = 00:00:07 ; elapsed = 00:00:31 . Memory (MB): peak = 1842.203 ; gain = 175.562
---------------------------------------------------------------------------------
Netlist sorting complete. Time (s): cpu = 00:00:00 ; elapsed = 00:00:00.187 . Memory (MB): peak = 1842.203 ; gain = 0.000
INFO: [Netlist 29-17] Analyzing 4 Unisim elements for replacement
INFO: [Netlist 29-28] Unisim Transformation completed in 0 CPU seconds
INFO: [Project 1-570] Preparing netlist for logic optimization

Processing XDC Constraints
Initializing timing engine
Parsing XDC File [d:/Git/radio_periph_lab/ip_repo/full_radio/src/fir1_125/fir1_125_ooc.xdc] for cell 'U0'
Finished Parsing XDC File [d:/Git/radio_periph_lab/ip_repo/full_radio/src/fir1_125/fir1_125_ooc.xdc] for cell 'U0'
Parsing XDC File [d:/Git/radio_periph_lab/ip_repo/full_radio/src/fir1_125/constraints/fir_compiler_v7_2.xdc] for cell 'U0'
Finished Parsing XDC File [d:/Git/radio_periph_lab/ip_repo/full_radio/src/fir1_125/constraints/fir_compiler_v7_2.xdc] for cell 'U0'
Parsing XDC File [d:/Git/radio_periph_lab/vivado/radio_periph_lab.tmp/full_radio_v1_0_project/full_radio_v1_0_project.runs/fir1_125_synth_1/dont_touch.xdc]
Finished Parsing XDC File [d:/Git/radio_periph_lab/vivado/radio_periph_lab.tmp/full_radio_v1_0_project/full_radio_v1_0_project.runs/fir1_125_synth_1/dont_touch.xdc]
Completed Processing XDC Constraints

Netlist sorting complete. Time (s): cpu = 00:00:00 ; elapsed = 00:00:00.003 . Memory (MB): peak = 1842.203 ; gain = 0.000
INFO: [Project 1-111] Unisim Transformation Summary:
No Unisim elements were transformed.

Constraint Validation Runtime : Time (s): cpu = 00:00:00 ; elapsed = 00:00:00.325 . Memory (MB): peak = 1842.203 ; gain = 0.000
INFO: [Designutils 20-5008] Incremental synthesis strategy off
---------------------------------------------------------------------------------
Finished Constraint Validation : Time (s): cpu = 00:00:11 ; elapsed = 00:00:48 . Memory (MB): peak = 1842.203 ; gain = 175.562
---------------------------------------------------------------------------------
---------------------------------------------------------------------------------
Start Loading Part and Timing Information
---------------------------------------------------------------------------------
Loading part: xc7z020clg400-1
---------------------------------------------------------------------------------
Finished Loading Part and Timing Information : Time (s): cpu = 00:00:11 ; elapsed = 00:00:48 . Memory (MB): peak = 1842.203 ; gain = 175.562
---------------------------------------------------------------------------------
---------------------------------------------------------------------------------
Start Applying 'set_property' XDC Constraints
---------------------------------------------------------------------------------
Applied set_property KEEP_HIERARCHY = SOFT for U0. (constraint file  d:/Git/radio_periph_lab/vivado/radio_periph_lab.tmp/full_radio_v1_0_project/full_radio_v1_0_project.runs/fir1_125_synth_1/dont_touch.xdc, line 9).
---------------------------------------------------------------------------------
Finished applying 'set_property' XDC Constraints : Time (s): cpu = 00:00:11 ; elapsed = 00:00:49 . Memory (MB): peak = 1842.203 ; gain = 175.562
---------------------------------------------------------------------------------
---------------------------------------------------------------------------------
Finished RTL Optimization Phase 2 : Time (s): cpu = 00:00:11 ; elapsed = 00:00:50 . Memory (MB): peak = 1842.203 ; gain = 175.562
---------------------------------------------------------------------------------
---------------------------------------------------------------------------------
Start RTL Component Statistics 
---------------------------------------------------------------------------------
---------------------------------------------------------------------------------
Finished RTL Component Statistics 
---------------------------------------------------------------------------------
---------------------------------------------------------------------------------
Start Part Resource Summary
---------------------------------------------------------------------------------
Part Resources:
DSPs: 220 (col length:60)
BRAMs: 280 (col length: RAMB18 60 RAMB36 30)
---------------------------------------------------------------------------------
Finished Part Resource Summary
---------------------------------------------------------------------------------
---------------------------------------------------------------------------------
Start Cross Boundary and Area Optimization
---------------------------------------------------------------------------------
WARNING: [Synth 8-7080] Parallel synthesis criteria is not met
---------------------------------------------------------------------------------
Finished Cross Boundary and Area Optimization : Time (s): cpu = 00:00:12 ; elapsed = 00:00:54 . Memory (MB): peak = 1842.203 ; gain = 175.562
---------------------------------------------------------------------------------
---------------------------------------------------------------------------------
Start Applying XDC Timing Constraints
---------------------------------------------------------------------------------
---------------------------------------------------------------------------------
Finished Applying XDC Timing Constraints : Time (s): cpu = 00:00:16 ; elapsed = 00:01:06 . Memory (MB): peak = 1842.203 ; gain = 175.562
---------------------------------------------------------------------------------
---------------------------------------------------------------------------------
Start Timing Optimization
---------------------------------------------------------------------------------
---------------------------------------------------------------------------------
Finished Timing Optimization : Time (s): cpu = 00:00:17 ; elapsed = 00:01:07 . Memory (MB): peak = 1842.203 ; gain = 175.562
---------------------------------------------------------------------------------
---------------------------------------------------------------------------------
Start Technology Mapping
---------------------------------------------------------------------------------
---------------------------------------------------------------------------------
Finished Technology Mapping : Time (s): cpu = 00:00:17 ; elapsed = 00:01:08 . Memory (MB): peak = 1842.203 ; gain = 175.562
---------------------------------------------------------------------------------
---------------------------------------------------------------------------------
Start IO Insertion
---------------------------------------------------------------------------------
---------------------------------------------------------------------------------
Start Flattening Before IO Insertion
---------------------------------------------------------------------------------
---------------------------------------------------------------------------------
Finished Flattening Before IO Insertion
---------------------------------------------------------------------------------
---------------------------------------------------------------------------------
Start Final Netlist Cleanup
---------------------------------------------------------------------------------
---------------------------------------------------------------------------------
Finished Final Netlist Cleanup
---------------------------------------------------------------------------------
---------------------------------------------------------------------------------
Finished IO Insertion : Time (s): cpu = 00:00:19 ; elapsed = 00:01:14 . Memory (MB): peak = 1842.203 ; gain = 175.562
---------------------------------------------------------------------------------
---------------------------------------------------------------------------------
Start Renaming Generated Instances
---------------------------------------------------------------------------------
---------------------------------------------------------------------------------
Finished Renaming Generated Instances : Time (s): cpu = 00:00:19 ; elapsed = 00:01:14 . Memory (MB): peak = 1842.203 ; gain = 175.562
---------------------------------------------------------------------------------
---------------------------------------------------------------------------------
Start Rebuilding User Hierarchy
---------------------------------------------------------------------------------
---------------------------------------------------------------------------------
Finished Rebuilding User Hierarchy : Time (s): cpu = 00:00:19 ; elapsed = 00:01:14 . Memory (MB): peak = 1842.203 ; gain = 175.562
---------------------------------------------------------------------------------
---------------------------------------------------------------------------------
Start Renaming Generated Ports
---------------------------------------------------------------------------------
---------------------------------------------------------------------------------
Finished Renaming Generated Ports : Time (s): cpu = 00:00:19 ; elapsed = 00:01:14 . Memory (MB): peak = 1842.203 ; gain = 175.562
---------------------------------------------------------------------------------
---------------------------------------------------------------------------------
Start Handling Custom Attributes
---------------------------------------------------------------------------------
---------------------------------------------------------------------------------
Finished Handling Custom Attributes : Time (s): cpu = 00:00:19 ; elapsed = 00:01:14 . Memory (MB): peak = 1842.203 ; gain = 175.562
---------------------------------------------------------------------------------
---------------------------------------------------------------------------------
Start Renaming Generated Nets
---------------------------------------------------------------------------------
---------------------------------------------------------------------------------
Finished Renaming Generated Nets : Time (s): cpu = 00:00:19 ; elapsed = 00:01:14 . Memory (MB): peak = 1842.203 ; gain = 175.562
---------------------------------------------------------------------------------
---------------------------------------------------------------------------------
Start Writing Synthesis Report
---------------------------------------------------------------------------------

DSP Final Report (the ' indicates corresponding REG is set)
+---------------------+----------------------------------------------+--------+--------+--------+--------+--------+------+------+------+------+-------+------+------+
|Module Name          | DSP Mapping                                  | A Size | B Size | C Size | D Size | P Size | AREG | BREG | CREG | DREG | ADREG | MREG | PREG | 
+---------------------+----------------------------------------------+--------+--------+--------+--------+--------+------+------+------+------+-------+------+------+
|calc__parameterized0 | Dynamic                                      | -      | -      | -      | -      | 48     | -    | -    | -    | -    | -     | 0    | 1    | 
|calc_6               | (PCIN+((D'+A')'*B')')'                       | 30     | 18     | -      | 25     | 48     | 1    | 1    | -    | 1    | 1     | 1    | 1    | 
|calc_5               | (PCIN+((D'+A')'*B')')'                       | 30     | 18     | -      | 25     | 48     | 1    | 1    | -    | 1    | 1     | 1    | 1    | 
|calc                 | (C'+((Dynamically Configured Multiplier))')' | -      | -      | 0      | -      | 48     | -    | -    | 1    | -    | 1     | 1    | 1    | 
+---------------------+----------------------------------------------+--------+--------+--------+--------+--------+------+------+------+------+-------+------+------+


Report BlackBoxes: 
+-+--------------+----------+
| |BlackBox name |Instances |
+-+--------------+----------+
+-+--------------+----------+

Report Cell Usage: 
+------+----------+------+
|      |Cell      |Count |
+------+----------+------+
|1     |DSP48E1   |     4|
|3     |LUT2      |    12|
|4     |LUT3      |    15|
|5     |LUT4      |    27|
|6     |LUT5      |    12|
|7     |LUT6      |    47|
|8     |RAM128X1D |    16|
|9     |SRL16E    |    36|
|10    |SRLC32E   |   160|
|11    |FDRE      |   340|
|12    |FDSE      |     4|
+------+----------+------+
---------------------------------------------------------------------------------
Finished Writing Synthesis Report : Time (s): cpu = 00:00:19 ; elapsed = 00:01:14 . Memory (MB): peak = 1842.203 ; gain = 175.562
---------------------------------------------------------------------------------
Synthesis finished with 0 errors, 0 critical warnings and 73 warnings.
Synthesis Optimization Runtime : Time (s): cpu = 00:00:10 ; elapsed = 00:01:06 . Memory (MB): peak = 1842.203 ; gain = 175.562
Synthesis Optimization Complete : Time (s): cpu = 00:00:19 ; elapsed = 00:01:14 . Memory (MB): peak = 1842.203 ; gain = 175.562
INFO: [Project 1-571] Translating synthesized netlist
Netlist sorting complete. Time (s): cpu = 00:00:00 ; elapsed = 00:00:00.019 . Memory (MB): peak = 1842.203 ; gain = 0.000
INFO: [Netlist 29-17] Analyzing 20 Unisim elements for replacement
INFO: [Netlist 29-28] Unisim Transformation completed in 0 CPU seconds
INFO: [Project 1-570] Preparing netlist for logic optimization
INFO: [Opt 31-138] Pushed 0 inverter(s) to 0 load pin(s).
Netlist sorting complete. Time (s): cpu = 00:00:00 ; elapsed = 00:00:00 . Memory (MB): peak = 1842.203 ; gain = 0.000
INFO: [Project 1-111] Unisim Transformation Summary:
  A total of 16 instances were transformed.
  RAM128X1D => RAM128X1D (MUXF7(x2), RAMD64E(x4)): 16 instances

Synth Design complete, checksum: 367a4e74
INFO: [Common 17-83] Releasing license: Synthesis
24 Infos, 104 Warnings, 0 Critical Warnings and 0 Errors encountered.
synth_design completed successfully
synth_design: Time (s): cpu = 00:00:22 ; elapsed = 00:01:26 . Memory (MB): peak = 1842.203 ; gain = 175.562
INFO: [Common 17-1381] The checkpoint 'd:/Git/radio_periph_lab/vivado/radio_periph_lab.tmp/full_radio_v1_0_project/full_radio_v1_0_project.runs/fir1_125_synth_1/fir1_125.dcp' has been generated.
INFO: [Coretcl 2-1648] Added synthesis output to IP cache for IP fir1_125, cache-ID = 4d213e5c784b4ae1
INFO: [Coretcl 2-1174] Renamed 41 cell refs.
INFO: [Common 17-1381] The checkpoint 'd:/Git/radio_periph_lab/vivado/radio_periph_lab.tmp/full_radio_v1_0_project/full_radio_v1_0_project.runs/fir1_125_synth_1/fir1_125.dcp' has been generated.
INFO: [runtcl-4] Executing : report_utilization -file fir1_125_utilization_synth.rpt -pb fir1_125_utilization_synth.pb
INFO: [Common 17-206] Exiting Vivado at Fri Jul 28 00:12:35 2023...
