Copyright 1986-2022 Xilinx, Inc. All Rights Reserved.
------------------------------------------------------------------------------------
| Tool Version : Vivado v.2022.1 (win64) Build 3526262 Mon Apr 18 15:48:16 MDT 2022
| Date         : Sat Jul 29 22:29:14 2023
| Host         : Thuong-Nguyen-PC running 64-bit major release  (build 9200)
| Command      : upgrade_ip
| Device       : xc7z020clg400-1
------------------------------------------------------------------------------------

Upgrade Log for IP 'design_1_full_radio_0_0'

1. Summary
----------

SUCCESS in the upgrade of design_1_full_radio_0_0 (jhu.edu:user:full_radio:1.0) from (Rev. 7) to (Rev. 8)






Copyright 1986-2022 Xilinx, Inc. All Rights Reserved.
------------------------------------------------------------------------------------
| Tool Version : Vivado v.2022.1 (win64) Build 3526262 Mon Apr 18 15:48:16 MDT 2022
| Date         : Sat Jul 29 21:55:59 2023
| Host         : Thuong-Nguyen-PC running 64-bit major release  (build 9200)
| Command      : upgrade_ip
| Device       : xc7z020clg400-1
------------------------------------------------------------------------------------

Upgrade Log for IP 'design_1_full_radio_0_0'

1. Summary
----------

SUCCESS in the upgrade of design_1_full_radio_0_0 (jhu.edu:user:full_radio:1.0) from (Rev. 6) to (Rev. 7)






Copyright 1986-2022 Xilinx, Inc. All Rights Reserved.
------------------------------------------------------------------------------------
| Tool Version : Vivado v.2022.1 (win64) Build 3526262 Mon Apr 18 15:48:16 MDT 2022
| Date         : Sat Jul 29 21:09:49 2023
| Host         : Thuong-Nguyen-PC running 64-bit major release  (build 9200)
| Command      : upgrade_ip
| Device       : xc7z020clg400-1
------------------------------------------------------------------------------------

Upgrade Log for IP 'design_1_full_radio_0_0'

1. Summary
----------

SUCCESS in the upgrade of design_1_full_radio_0_0 (jhu.edu:user:full_radio:1.0) from (Rev. 5) to (Rev. 6)






Copyright 1986-2022 Xilinx, Inc. All Rights Reserved.
------------------------------------------------------------------------------------
| Tool Version : Vivado v.2022.1 (win64) Build 3526262 Mon Apr 18 15:48:16 MDT 2022
| Date         : Sat Jul 29 17:55:17 2023
| Host         : Thuong-Nguyen-PC running 64-bit major release  (build 9200)
| Command      : upgrade_ip
| Device       : xc7z020clg400-1
------------------------------------------------------------------------------------

Upgrade Log for IP 'design_1_full_radio_0_0'

1. Summary
----------

CAUTION (success, with warnings) in the upgrade of design_1_full_radio_0_0 (jhu.edu:user:full_radio:1.0) from (Rev. 4) to (Rev. 5)

After upgrade, an IP may have parameter and port differences compared to the original customization. Please review the parameters within the IP customization GUI to ensure proper functionality. Also, please review the updated IP instantiation template to ensure proper connectivity, and update your design if required.

2. Connection Warnings
----------------------

Detected external port differences while upgrading 'design_1_full_radio_0_0'. These changes may impact your design.


-Upgraded port order differs after port 'm_axis_tdata'


